<?xml version="1.0" encoding="UTF-8"?>
<testsuites>
  <testsuite name="PropertyTestSuite" tests="3" failures="1" errors="0" skipped="1" time="5.234" timestamp="2025-11-13T10:31:00">
    <properties>
      <property name="Python" value="3.9.1"/>
      <property name="Platform" value="Linux-5.4.0-42-generic-x86_64-with-glibc2.29"/>
      <property name="DUT" value="192.168.1.100"/>
      <property name="Test Environment" value="Staging"/>
      <property name="Build ID" value="BUILD-2025-001"/>
    </properties>

    <testcase name="test_with_system_output" classname="tests.PropertyTests" time="1.234">
      <system-out>
[INFO] Starting test execution
[DEBUG] Connecting to device 192.168.1.100
[DEBUG] Connection established
[INFO] Running test assertions
[DEBUG] Test completed successfully
      </system-out>
    </testcase>

    <testcase name="test_with_failure_and_stderr" classname="tests.PropertyTests" time="2.567">
      <failure message="AssertionError: Expected value 'active' but got 'inactive'" type="AssertionError">
E       AssertionError: Expected value 'active' but got 'inactive'
E
tests/property_tests.py:45: AssertionError
      </failure>
      <system-out>
[INFO] Test starting
[DEBUG] Checking device status
[DEBUG] Device returned status: inactive
      </system-out>
      <system-err>
[WARNING] Device response time exceeded threshold (2.5s > 2.0s)
[WARNING] Retrying connection attempt 1/3
[ERROR] Device status check failed
      </system-err>
    </testcase>

    <testcase name="test_skipped_example" classname="tests.PropertyTests" time="0.001">
      <skipped message="Test requires hardware device not available in CI"/>
      <system-out>
[INFO] Test skipped - hardware not available
      </system-out>
    </testcase>
  </testsuite>
</testsuites>
