{"/home/user/junit_test_results/client/src/api/client.ts": {"path":"/home/user/junit_test_results/client/src/api/client.ts","statementMap":{"0":{"start":{"line":89,"column":20},"end":{"line":89,"column":null}},"1":{"start":{"line":92,"column":16},"end":{"line":92,"column":null}},"2":{"start":{"line":93,"column":21},"end":{"line":93,"column":null}},"3":{"start":{"line":95,"column":4},"end":{"line":97,"column":null}},"4":{"start":{"line":96,"column":6},"end":{"line":96,"column":null}},"5":{"start":{"line":99,"column":17},"end":{"line":99,"column":null}},"6":{"start":{"line":100,"column":4},"end":{"line":100,"column":null}},"7":{"start":{"line":104,"column":21},"end":{"line":106,"column":null}},"8":{"start":{"line":105,"column":51},"end":{"line":105,"column":88}},"9":{"start":{"line":108,"column":4},"end":{"line":110,"column":null}},"10":{"start":{"line":109,"column":6},"end":{"line":109,"column":null}},"11":{"start":{"line":112,"column":24},"end":{"line":114,"column":null}},"12":{"start":{"line":116,"column":4},"end":{"line":116,"column":null}},"13":{"start":{"line":120,"column":19},"end":{"line":124,"column":null}},"14":{"start":{"line":126,"column":24},"end":{"line":126,"column":null}},"15":{"start":{"line":127,"column":4},"end":{"line":127,"column":null}},"16":{"start":{"line":131,"column":21},"end":{"line":131,"column":null}},"17":{"start":{"line":132,"column":4},"end":{"line":132,"column":null}},"18":{"start":{"line":136,"column":24},"end":{"line":136,"column":null}},"19":{"start":{"line":137,"column":4},"end":{"line":137,"column":null}},"20":{"start":{"line":141,"column":19},"end":{"line":145,"column":null}},"21":{"start":{"line":147,"column":24},"end":{"line":147,"column":null}},"22":{"start":{"line":148,"column":4},"end":{"line":148,"column":null}},"23":{"start":{"line":152,"column":21},"end":{"line":152,"column":null}},"24":{"start":{"line":153,"column":4},"end":{"line":153,"column":null}},"25":{"start":{"line":155,"column":21},"end":{"line":158,"column":null}},"26":{"start":{"line":160,"column":4},"end":{"line":162,"column":null}},"27":{"start":{"line":161,"column":6},"end":{"line":161,"column":null}},"28":{"start":{"line":164,"column":17},"end":{"line":164,"column":null}},"29":{"start":{"line":165,"column":4},"end":{"line":165,"column":null}},"30":{"start":{"line":169,"column":25},"end":{"line":169,"column":null}}},"fnMap":{"0":{"name":"(anonymous_0)","decl":{"start":{"line":91,"column":16},"end":{"line":91,"column":27}},"loc":{"start":{"line":91,"column":80},"end":{"line":101,"column":null}},"line":91},"1":{"name":"(anonymous_1)","decl":{"start":{"line":103,"column":10},"end":{"line":103,"column":27}},"loc":{"start":{"line":103,"column":68},"end":{"line":117,"column":null}},"line":103},"2":{"name":"(anonymous_2)","decl":{"start":{"line":105,"column":36},"end":{"line":105,"column":37}},"loc":{"start":{"line":105,"column":51},"end":{"line":105,"column":88}},"line":105},"3":{"name":"(anonymous_3)","decl":{"start":{"line":119,"column":8},"end":{"line":119,"column":16}},"loc":{"start":{"line":119,"column":65},"end":{"line":128,"column":null}},"line":119},"4":{"name":"(anonymous_4)","decl":{"start":{"line":130,"column":8},"end":{"line":130,"column":41}},"loc":{"start":{"line":130,"column":41},"end":{"line":133,"column":null}},"line":130},"5":{"name":"(anonymous_5)","decl":{"start":{"line":135,"column":8},"end":{"line":135,"column":17}},"loc":{"start":{"line":135,"column":61},"end":{"line":138,"column":null}},"line":135},"6":{"name":"(anonymous_6)","decl":{"start":{"line":140,"column":8},"end":{"line":140,"column":21}},"loc":{"start":{"line":140,"column":80},"end":{"line":149,"column":null}},"line":140},"7":{"name":"(anonymous_7)","decl":{"start":{"line":151,"column":8},"end":{"line":151,"column":26}},"loc":{"start":{"line":151,"column":63},"end":{"line":166,"column":null}},"line":151}},"branchMap":{"0":{"loc":{"start":{"line":95,"column":4},"end":{"line":97,"column":null}},"type":"if","locations":[{"start":{"line":95,"column":4},"end":{"line":97,"column":null}},{"start":{},"end":{}}],"line":95},"1":{"loc":{"start":{"line":96,"column":35},"end":{"line":96,"column":59}},"type":"binary-expr","locations":[{"start":{"line":96,"column":35},"end":{"line":96,"column":54}},{"start":{"line":96,"column":54},"end":{"line":96,"column":59}}],"line":96},"2":{"loc":{"start":{"line":105,"column":51},"end":{"line":105,"column":88}},"type":"binary-expr","locations":[{"start":{"line":105,"column":51},"end":{"line":105,"column":74}},{"start":{"line":105,"column":74},"end":{"line":105,"column":88}}],"line":105},"3":{"loc":{"start":{"line":108,"column":4},"end":{"line":110,"column":null}},"type":"if","locations":[{"start":{"line":108,"column":4},"end":{"line":110,"column":null}},{"start":{},"end":{}}],"line":108},"4":{"loc":{"start":{"line":119,"column":16},"end":{"line":119,"column":65}},"type":"default-arg","locations":[{"start":{"line":119,"column":38},"end":{"line":119,"column":65}}],"line":119},"5":{"loc":{"start":{"line":121,"column":12},"end":{"line":121,"column":null}},"type":"binary-expr","locations":[{"start":{"line":121,"column":12},"end":{"line":121,"column":28}},{"start":{"line":121,"column":28},"end":{"line":121,"column":null}}],"line":121},"6":{"loc":{"start":{"line":122,"column":13},"end":{"line":122,"column":null}},"type":"binary-expr","locations":[{"start":{"line":122,"column":13},"end":{"line":122,"column":30}},{"start":{"line":122,"column":30},"end":{"line":122,"column":null}}],"line":122},"7":{"loc":{"start":{"line":135,"column":17},"end":{"line":135,"column":61}},"type":"default-arg","locations":[{"start":{"line":135,"column":41},"end":{"line":135,"column":61}}],"line":135},"8":{"loc":{"start":{"line":140,"column":21},"end":{"line":140,"column":80}},"type":"default-arg","locations":[{"start":{"line":140,"column":48},"end":{"line":140,"column":80}}],"line":140},"9":{"loc":{"start":{"line":142,"column":12},"end":{"line":142,"column":null}},"type":"binary-expr","locations":[{"start":{"line":142,"column":12},"end":{"line":142,"column":28}},{"start":{"line":142,"column":28},"end":{"line":142,"column":null}}],"line":142},"10":{"loc":{"start":{"line":143,"column":13},"end":{"line":143,"column":null}},"type":"binary-expr","locations":[{"start":{"line":143,"column":13},"end":{"line":143,"column":30}},{"start":{"line":143,"column":30},"end":{"line":143,"column":null}}],"line":143},"11":{"loc":{"start":{"line":160,"column":4},"end":{"line":162,"column":null}},"type":"if","locations":[{"start":{"line":160,"column":4},"end":{"line":162,"column":null}},{"start":{},"end":{}}],"line":160}},"s":{"0":1,"1":9,"2":9,"3":9,"4":1,"5":8,"6":8,"7":8,"8":19,"9":8,"10":1,"11":7,"12":7,"13":4,"14":4,"15":4,"16":1,"17":1,"18":2,"19":2,"20":2,"21":2,"22":2,"23":2,"24":2,"25":2,"26":2,"27":1,"28":1,"29":1,"30":1},"f":{"0":9,"1":8,"2":19,"3":4,"4":1,"5":2,"6":2,"7":2},"b":{"0":[1,8],"1":[1,1],"2":[19,19],"3":[1,7],"4":[4],"5":[4,2],"6":[4,2],"7":[2],"8":[2],"9":[2,2],"10":[2,2],"11":[1,1]},"meta":{"lastBranch":12,"lastFunction":8,"lastStatement":31,"seen":{"s:89:20:89:Infinity":0,"f:91:16:91:27":0,"s:92:16:92:Infinity":1,"s:93:21:93:Infinity":2,"b:95:4:97:Infinity:undefined:undefined:undefined:undefined":0,"s:95:4:97:Infinity":3,"s:96:6:96:Infinity":4,"b:96:35:96:54:96:54:96:59":1,"s:99:17:99:Infinity":5,"s:100:4:100:Infinity":6,"f:103:10:103:27":1,"s:104:21:106:Infinity":7,"f:105:36:105:37":2,"s:105:51:105:88":8,"b:105:51:105:74:105:74:105:88":2,"b:108:4:110:Infinity:undefined:undefined:undefined:undefined":3,"s:108:4:110:Infinity":9,"s:109:6:109:Infinity":10,"s:112:24:114:Infinity":11,"s:116:4:116:Infinity":12,"f:119:8:119:16":3,"b:119:38:119:65":4,"s:120:19:124:Infinity":13,"b:121:12:121:28:121:28:121:Infinity":5,"b:122:13:122:30:122:30:122:Infinity":6,"s:126:24:126:Infinity":14,"s:127:4:127:Infinity":15,"f:130:8:130:41":4,"s:131:21:131:Infinity":16,"s:132:4:132:Infinity":17,"f:135:8:135:17":5,"b:135:41:135:61":7,"s:136:24:136:Infinity":18,"s:137:4:137:Infinity":19,"f:140:8:140:21":6,"b:140:48:140:80":8,"s:141:19:145:Infinity":20,"b:142:12:142:28:142:28:142:Infinity":9,"b:143:13:143:30:143:30:143:Infinity":10,"s:147:24:147:Infinity":21,"s:148:4:148:Infinity":22,"f:151:8:151:26":7,"s:152:21:152:Infinity":23,"s:153:4:153:Infinity":24,"s:155:21:158:Infinity":25,"b:160:4:162:Infinity:undefined:undefined:undefined:undefined":11,"s:160:4:162:Infinity":26,"s:161:6:161:Infinity":27,"s:164:17:164:Infinity":28,"s:165:4:165:Infinity":29,"s:169:25:169:Infinity":30}}}
,"/home/user/junit_test_results/client/src/components/shared/Button.vue": {"path":"/home/user/junit_test_results/client/src/components/shared/Button.vue","statementMap":{"0":{"start":{"line":23,"column":14},"end":{"line":23,"column":null}},"1":{"start":{"line":31,"column":13},"end":{"line":31,"column":null}},"2":{"start":{"line":35,"column":6},"end":{"line":44,"column":null}},"3":{"start":{"line":35,"column":37},"end":{"line":44,"column":1}},"4":{"start":{"line":46,"column":20},"end":{"line":50,"column":null}},"5":{"start":{"line":47,"column":2},"end":{"line":49,"column":null}},"6":{"start":{"line":48,"column":4},"end":{"line":48,"column":null}},"7":{"start":{"line":2,"column":2},"end":{"line":8,"column":null}}},"fnMap":{"0":{"name":"(anonymous_0)","decl":{"start":{"line":35,"column":31},"end":{"line":35,"column":37}},"loc":{"start":{"line":35,"column":37},"end":{"line":44,"column":1}},"line":35},"1":{"name":"(anonymous_1)","decl":{"start":{"line":46,"column":20},"end":{"line":46,"column":21}},"loc":{"start":{"line":46,"column":43},"end":{"line":50,"column":null}},"line":46}},"branchMap":{"0":{"loc":{"start":{"line":47,"column":2},"end":{"line":49,"column":null}},"type":"if","locations":[{"start":{"line":47,"column":2},"end":{"line":49,"column":null}},{"start":{},"end":{}}],"line":47},"1":{"loc":{"start":{"line":47,"column":6},"end":{"line":47,"column":41}},"type":"binary-expr","locations":[{"start":{"line":47,"column":6},"end":{"line":47,"column":25}},{"start":{"line":47,"column":25},"end":{"line":47,"column":41}}],"line":47},"2":{"loc":{"start":{"line":4,"column":15},"end":{"line":4,"column":null}},"type":"binary-expr","locations":[{"start":{"line":4,"column":15},"end":{"line":4,"column":27}},{"start":{"line":4,"column":27},"end":{"line":4,"column":null}}],"line":4},"3":{"loc":{"start":{"line":7,"column":16},"end":{"line":7,"column":null}},"type":"cond-expr","locations":[{"start":{"line":7,"column":16},"end":{"line":7,"column":null}},{"start":{"line":7,"column":48},"end":{"line":7,"column":null}}],"line":7}},"s":{"0":11,"1":11,"2":11,"3":11,"4":11,"5":1,"6":1,"7":11},"f":{"0":11,"1":1},"b":{"0":[1,0],"1":[1,1],"2":[11,9],"3":[1,10]},"meta":{"lastBranch":0,"lastFunction":0,"lastStatement":0,"seen":{}}}
,"/home/user/junit_test_results/client/src/components/shared/Card.vue": {"path":"/home/user/junit_test_results/client/src/components/shared/Card.vue","statementMap":{"0":{"start":{"line":29,"column":14},"end":{"line":29,"column":null}},"1":{"start":{"line":36,"column":13},"end":{"line":36,"column":null}},"2":{"start":{"line":40,"column":6},"end":{"line":47,"column":null}},"3":{"start":{"line":40,"column":35},"end":{"line":47,"column":1}},"4":{"start":{"line":49,"column":20},"end":{"line":53,"column":null}},"5":{"start":{"line":50,"column":2},"end":{"line":52,"column":null}},"6":{"start":{"line":51,"column":4},"end":{"line":51,"column":null}},"7":{"start":{"line":5,"column":12},"end":{"line":5,"column":34}},"8":{"start":{"line":9,"column":9},"end":{"line":9,"column":null}},"9":{"start":{"line":6,"column":13},"end":{"line":5,"column":47}}},"fnMap":{"0":{"name":"(anonymous_0)","decl":{"start":{"line":40,"column":29},"end":{"line":40,"column":35}},"loc":{"start":{"line":40,"column":35},"end":{"line":47,"column":1}},"line":40},"1":{"name":"(anonymous_1)","decl":{"start":{"line":49,"column":20},"end":{"line":49,"column":21}},"loc":{"start":{"line":49,"column":43},"end":{"line":53,"column":null}},"line":49},"2":{"name":"(anonymous_2)","decl":{"start":{"line":4,"column":6},"end":{"line":4,"column":null}},"loc":{"start":{"line":6,"column":13},"end":{"line":5,"column":47}},"line":6}},"branchMap":{"0":{"loc":{"start":{"line":50,"column":2},"end":{"line":52,"column":null}},"type":"if","locations":[{"start":{"line":50,"column":2},"end":{"line":52,"column":null}},{"start":{},"end":{}}],"line":50},"1":{"loc":{"start":{"line":3,"column":15},"end":{"line":3,"column":38}},"type":"binary-expr","locations":[{"start":{"line":3,"column":15},"end":{"line":3,"column":24}},{"start":{"line":3,"column":24},"end":{"line":3,"column":38}}],"line":3},"2":{"loc":{"start":{"line":13,"column":15},"end":{"line":14,"column":null}},"type":"cond-expr","locations":[{"start":{"line":13,"column":22},"end":{"line":14,"column":null}},{"start":{"line":14,"column":28},"end":{"line":14,"column":null}}],"line":13}},"s":{"0":10,"1":10,"2":10,"3":10,"4":10,"5":1,"6":1,"7":1,"8":1,"9":1},"f":{"0":10,"1":1,"2":1},"b":{"0":[1,0],"1":[10,9],"2":[1,9]},"meta":{"lastBranch":0,"lastFunction":0,"lastStatement":0,"seen":{}}}
,"/home/user/junit_test_results/client/src/components/shared/Modal.vue": {"path":"/home/user/junit_test_results/client/src/components/shared/Modal.vue","statementMap":{"0":{"start":{"line":35,"column":14},"end":{"line":35,"column":null}},"1":{"start":{"line":42,"column":13},"end":{"line":42,"column":null}},"2":{"start":{"line":46,"column":6},"end":{"line":49,"column":null}},"3":{"start":{"line":46,"column":36},"end":{"line":49,"column":1}},"4":{"start":{"line":51,"column":20},"end":{"line":53,"column":null}},"5":{"start":{"line":52,"column":2},"end":{"line":52,"column":null}},"6":{"start":{"line":55,"column":27},"end":{"line":59,"column":null}},"7":{"start":{"line":56,"column":2},"end":{"line":58,"column":null}},"8":{"start":{"line":57,"column":4},"end":{"line":57,"column":null}},"9":{"start":{"line":62,"column":0},"end":{"line":71,"column":null}},"10":{"start":{"line":63,"column":8},"end":{"line":63,"column":null}},"11":{"start":{"line":65,"column":4},"end":{"line":69,"column":null}},"12":{"start":{"line":66,"column":6},"end":{"line":66,"column":null}},"13":{"start":{"line":68,"column":6},"end":{"line":68,"column":null}},"14":{"start":{"line":6,"column":15},"end":{"line":6,"column":null}},"15":{"start":{"line":11,"column":15},"end":{"line":11,"column":null}}},"fnMap":{"0":{"name":"(anonymous_0)","decl":{"start":{"line":46,"column":30},"end":{"line":46,"column":36}},"loc":{"start":{"line":46,"column":36},"end":{"line":49,"column":1}},"line":46},"1":{"name":"(anonymous_1)","decl":{"start":{"line":51,"column":20},"end":{"line":51,"column":26}},"loc":{"start":{"line":51,"column":26},"end":{"line":53,"column":null}},"line":51},"2":{"name":"(anonymous_2)","decl":{"start":{"line":55,"column":27},"end":{"line":55,"column":33}},"loc":{"start":{"line":55,"column":33},"end":{"line":59,"column":null}},"line":55},"3":{"name":"(anonymous_3)","decl":{"start":{"line":63,"column":2},"end":{"line":63,"column":8}},"loc":{"start":{"line":63,"column":8},"end":{"line":63,"column":null}},"line":63},"4":{"name":"(anonymous_4)","decl":{"start":{"line":64,"column":2},"end":{"line":64,"column":3}},"loc":{"start":{"line":64,"column":14},"end":{"line":70,"column":null}},"line":64},"5":{"name":"(anonymous_5)","decl":{"start":{"line":5,"column":35},"end":{"line":5,"column":36}},"loc":{"start":{"line":5,"column":35},"end":{"line":5,"column":36}},"line":5}},"branchMap":{"0":{"loc":{"start":{"line":56,"column":2},"end":{"line":58,"column":null}},"type":"if","locations":[{"start":{"line":56,"column":2},"end":{"line":58,"column":null}},{"start":{},"end":{}}],"line":56},"1":{"loc":{"start":{"line":65,"column":4},"end":{"line":69,"column":null}},"type":"if","locations":[{"start":{"line":65,"column":4},"end":{"line":69,"column":null}},{"start":{"line":67,"column":11},"end":{"line":69,"column":null}}],"line":65},"2":{"loc":{"start":{"line":5,"column":41},"end":{"line":5,"column":null}},"type":"binary-expr","locations":[{"start":{"line":5,"column":41},"end":{"line":5,"column":46}},{"start":{"line":5,"column":41},"end":{"line":5,"column":null}}],"line":5},"3":{"loc":{"start":{"line":7,"column":22},"end":{"line":7,"column":65}},"type":"cond-expr","locations":[{"start":{"line":7,"column":22},"end":{"line":7,"column":65}},{"start":{"line":7,"column":57},"end":{"line":7,"column":65}}],"line":7},"4":{"loc":{"start":{"line":8,"column":27},"end":{"line":8,"column":89}},"type":"cond-expr","locations":[{"start":{"line":8,"column":27},"end":{"line":8,"column":89}},{"start":{"line":8,"column":80},"end":{"line":8,"column":89}}],"line":8},"5":{"loc":{"start":{"line":15,"column":21},"end":{"line":16,"column":null}},"type":"cond-expr","locations":[{"start":{"line":15,"column":28},"end":{"line":16,"column":null}},{"start":{"line":16,"column":34},"end":{"line":16,"column":null}}],"line":15}},"s":{"0":12,"1":12,"2":12,"3":11,"4":12,"5":2,"6":12,"7":2,"8":1,"9":12,"10":12,"11":0,"12":0,"13":0,"14":1,"15":1},"f":{"0":11,"1":2,"2":2,"3":12,"4":0,"5":2},"b":{"0":[1,1],"1":[0,0],"2":[11,11],"3":[1,10],"4":[10,1],"5":[1,10]},"meta":{"lastBranch":0,"lastFunction":0,"lastStatement":0,"seen":{}}}
,"/home/user/junit_test_results/client/src/utils/formatters.ts": {"path":"/home/user/junit_test_results/client/src/utils/formatters.ts","statementMap":{"0":{"start":{"line":4,"column":2},"end":{"line":18,"column":null}},"1":{"start":{"line":5,"column":14},"end":{"line":5,"column":null}},"2":{"start":{"line":6,"column":4},"end":{"line":8,"column":null}},"3":{"start":{"line":7,"column":6},"end":{"line":7,"column":null}},"4":{"start":{"line":9,"column":4},"end":{"line":15,"column":null}},"5":{"start":{"line":17,"column":4},"end":{"line":17,"column":null}},"6":{"start":{"line":22,"column":2},"end":{"line":22,"column":null}},"7":{"start":{"line":22,"column":14},"end":{"line":22,"column":null}},"8":{"start":{"line":23,"column":2},"end":{"line":23,"column":null}},"9":{"start":{"line":23,"column":16},"end":{"line":23,"column":null}},"10":{"start":{"line":25,"column":2},"end":{"line":27,"column":null}},"11":{"start":{"line":26,"column":4},"end":{"line":26,"column":null}},"12":{"start":{"line":29,"column":2},"end":{"line":31,"column":null}},"13":{"start":{"line":30,"column":4},"end":{"line":30,"column":null}},"14":{"start":{"line":33,"column":16},"end":{"line":33,"column":null}},"15":{"start":{"line":34,"column":18},"end":{"line":34,"column":null}},"16":{"start":{"line":35,"column":18},"end":{"line":35,"column":null}},"17":{"start":{"line":37,"column":26},"end":{"line":37,"column":null}},"18":{"start":{"line":38,"column":2},"end":{"line":38,"column":null}},"19":{"start":{"line":38,"column":17},"end":{"line":38,"column":null}},"20":{"start":{"line":39,"column":2},"end":{"line":39,"column":null}},"21":{"start":{"line":39,"column":19},"end":{"line":39,"column":null}},"22":{"start":{"line":40,"column":2},"end":{"line":40,"column":null}},"23":{"start":{"line":40,"column":19},"end":{"line":40,"column":null}},"24":{"start":{"line":42,"column":2},"end":{"line":42,"column":null}},"25":{"start":{"line":46,"column":2},"end":{"line":46,"column":null}},"26":{"start":{"line":50,"column":2},"end":{"line":50,"column":null}},"27":{"start":{"line":54,"column":2},"end":{"line":65,"column":null}},"28":{"start":{"line":56,"column":6},"end":{"line":56,"column":null}},"29":{"start":{"line":58,"column":6},"end":{"line":58,"column":null}},"30":{"start":{"line":60,"column":6},"end":{"line":60,"column":null}},"31":{"start":{"line":62,"column":6},"end":{"line":62,"column":null}},"32":{"start":{"line":64,"column":6},"end":{"line":64,"column":null}},"33":{"start":{"line":69,"column":2},"end":{"line":80,"column":null}},"34":{"start":{"line":71,"column":6},"end":{"line":71,"column":null}},"35":{"start":{"line":73,"column":6},"end":{"line":73,"column":null}},"36":{"start":{"line":75,"column":6},"end":{"line":75,"column":null}},"37":{"start":{"line":77,"column":6},"end":{"line":77,"column":null}},"38":{"start":{"line":79,"column":6},"end":{"line":79,"column":null}},"39":{"start":{"line":84,"column":2},"end":{"line":84,"column":null}},"40":{"start":{"line":84,"column":19},"end":{"line":84,"column":null}},"41":{"start":{"line":86,"column":16},"end":{"line":86,"column":null}},"42":{"start":{"line":87,"column":12},"end":{"line":87,"column":null}},"43":{"start":{"line":88,"column":12},"end":{"line":88,"column":null}},"44":{"start":{"line":90,"column":2},"end":{"line":92,"column":null}},"45":{"start":{"line":91,"column":4},"end":{"line":91,"column":null}},"46":{"start":{"line":94,"column":2},"end":{"line":94,"column":null}},"47":{"start":{"line":98,"column":2},"end":{"line":100,"column":null}},"48":{"start":{"line":99,"column":4},"end":{"line":99,"column":null}},"49":{"start":{"line":101,"column":2},"end":{"line":101,"column":null}}},"fnMap":{"0":{"name":"formatDate","decl":{"start":{"line":3,"column":16},"end":{"line":3,"column":27}},"loc":{"start":{"line":3,"column":56},"end":{"line":19,"column":null}},"line":3},"1":{"name":"formatDuration","decl":{"start":{"line":21,"column":16},"end":{"line":21,"column":31}},"loc":{"start":{"line":21,"column":51},"end":{"line":43,"column":null}},"line":21},"2":{"name":"formatPercentage","decl":{"start":{"line":45,"column":16},"end":{"line":45,"column":33}},"loc":{"start":{"line":45,"column":78},"end":{"line":47,"column":null}},"line":45},"3":{"name":"formatNumber","decl":{"start":{"line":49,"column":16},"end":{"line":49,"column":29}},"loc":{"start":{"line":49,"column":52},"end":{"line":51,"column":null}},"line":49},"4":{"name":"getStatusColor","decl":{"start":{"line":53,"column":16},"end":{"line":53,"column":31}},"loc":{"start":{"line":53,"column":59},"end":{"line":66,"column":null}},"line":53},"5":{"name":"getStatusIcon","decl":{"start":{"line":68,"column":16},"end":{"line":68,"column":30}},"loc":{"start":{"line":68,"column":58},"end":{"line":81,"column":null}},"line":68},"6":{"name":"formatFileSize","decl":{"start":{"line":83,"column":16},"end":{"line":83,"column":31}},"loc":{"start":{"line":83,"column":54},"end":{"line":95,"column":null}},"line":83},"7":{"name":"truncateText","decl":{"start":{"line":97,"column":16},"end":{"line":97,"column":29}},"loc":{"start":{"line":97,"column":75},"end":{"line":102,"column":null}},"line":97}},"branchMap":{"0":{"loc":{"start":{"line":5,"column":14},"end":{"line":5,"column":null}},"type":"cond-expr","locations":[{"start":{"line":5,"column":41},"end":{"line":5,"column":58}},{"start":{"line":5,"column":58},"end":{"line":5,"column":null}}],"line":5},"1":{"loc":{"start":{"line":6,"column":4},"end":{"line":8,"column":null}},"type":"if","locations":[{"start":{"line":6,"column":4},"end":{"line":8,"column":null}},{"start":{},"end":{}}],"line":6},"2":{"loc":{"start":{"line":22,"column":2},"end":{"line":22,"column":null}},"type":"if","locations":[{"start":{"line":22,"column":2},"end":{"line":22,"column":null}},{"start":{},"end":{}}],"line":22},"3":{"loc":{"start":{"line":23,"column":2},"end":{"line":23,"column":null}},"type":"if","locations":[{"start":{"line":23,"column":2},"end":{"line":23,"column":null}},{"start":{},"end":{}}],"line":23},"4":{"loc":{"start":{"line":25,"column":2},"end":{"line":27,"column":null}},"type":"if","locations":[{"start":{"line":25,"column":2},"end":{"line":27,"column":null}},{"start":{},"end":{}}],"line":25},"5":{"loc":{"start":{"line":29,"column":2},"end":{"line":31,"column":null}},"type":"if","locations":[{"start":{"line":29,"column":2},"end":{"line":31,"column":null}},{"start":{},"end":{}}],"line":29},"6":{"loc":{"start":{"line":38,"column":2},"end":{"line":38,"column":null}},"type":"if","locations":[{"start":{"line":38,"column":2},"end":{"line":38,"column":null}},{"start":{},"end":{}}],"line":38},"7":{"loc":{"start":{"line":39,"column":2},"end":{"line":39,"column":null}},"type":"if","locations":[{"start":{"line":39,"column":2},"end":{"line":39,"column":null}},{"start":{},"end":{}}],"line":39},"8":{"loc":{"start":{"line":40,"column":2},"end":{"line":40,"column":null}},"type":"if","locations":[{"start":{"line":40,"column":2},"end":{"line":40,"column":null}},{"start":{},"end":{}}],"line":40},"9":{"loc":{"start":{"line":45,"column":48},"end":{"line":45,"column":78}},"type":"default-arg","locations":[{"start":{"line":45,"column":67},"end":{"line":45,"column":78}}],"line":45},"10":{"loc":{"start":{"line":54,"column":2},"end":{"line":65,"column":null}},"type":"switch","locations":[{"start":{"line":55,"column":4},"end":{"line":56,"column":null}},{"start":{"line":57,"column":4},"end":{"line":58,"column":null}},{"start":{"line":59,"column":4},"end":{"line":60,"column":null}},{"start":{"line":61,"column":4},"end":{"line":62,"column":null}},{"start":{"line":63,"column":4},"end":{"line":64,"column":null}}],"line":54},"11":{"loc":{"start":{"line":69,"column":2},"end":{"line":80,"column":null}},"type":"switch","locations":[{"start":{"line":70,"column":4},"end":{"line":71,"column":null}},{"start":{"line":72,"column":4},"end":{"line":73,"column":null}},{"start":{"line":74,"column":4},"end":{"line":75,"column":null}},{"start":{"line":76,"column":4},"end":{"line":77,"column":null}},{"start":{"line":78,"column":4},"end":{"line":79,"column":null}}],"line":69},"12":{"loc":{"start":{"line":84,"column":2},"end":{"line":84,"column":null}},"type":"if","locations":[{"start":{"line":84,"column":2},"end":{"line":84,"column":null}},{"start":{},"end":{}}],"line":84},"13":{"loc":{"start":{"line":90,"column":2},"end":{"line":92,"column":null}},"type":"if","locations":[{"start":{"line":90,"column":2},"end":{"line":92,"column":null}},{"start":{},"end":{}}],"line":90},"14":{"loc":{"start":{"line":97,"column":43},"end":{"line":97,"column":75}},"type":"default-arg","locations":[{"start":{"line":97,"column":63},"end":{"line":97,"column":75}}],"line":97},"15":{"loc":{"start":{"line":98,"column":2},"end":{"line":100,"column":null}},"type":"if","locations":[{"start":{"line":98,"column":2},"end":{"line":100,"column":null}},{"start":{},"end":{}}],"line":98}},"s":{"0":3,"1":3,"2":3,"3":1,"4":2,"5":0,"6":6,"7":1,"8":5,"9":1,"10":4,"11":1,"12":3,"13":1,"14":2,"15":2,"16":2,"17":2,"18":2,"19":1,"20":2,"21":2,"22":2,"23":2,"24":2,"25":5,"26":4,"27":5,"28":1,"29":1,"30":1,"31":1,"32":1,"33":5,"34":1,"35":1,"36":1,"37":1,"38":1,"39":5,"40":1,"41":4,"42":4,"43":4,"44":4,"45":1,"46":3,"47":5,"48":3,"49":2},"f":{"0":3,"1":6,"2":5,"3":4,"4":5,"5":5,"6":5,"7":5},"b":{"0":[2,1],"1":[1,2],"2":[1,5],"3":[1,4],"4":[1,3],"5":[1,2],"6":[1,1],"7":[2,0],"8":[2,0],"9":[5],"10":[1,1,1,1,1],"11":[1,1,1,1,1],"12":[1,4],"13":[1,3],"14":[5],"15":[3,2]},"meta":{"lastBranch":16,"lastFunction":8,"lastStatement":50,"seen":{"f:3:16:3:27":0,"s:4:2:18:Infinity":0,"s:5:14:5:Infinity":1,"b:5:41:5:58:5:58:5:Infinity":0,"b:6:4:8:Infinity:undefined:undefined:undefined:undefined":1,"s:6:4:8:Infinity":2,"s:7:6:7:Infinity":3,"s:9:4:15:Infinity":4,"s:17:4:17:Infinity":5,"f:21:16:21:31":1,"b:22:2:22:Infinity:undefined:undefined:undefined:undefined":2,"s:22:2:22:Infinity":6,"s:22:14:22:Infinity":7,"b:23:2:23:Infinity:undefined:undefined:undefined:undefined":3,"s:23:2:23:Infinity":8,"s:23:16:23:Infinity":9,"b:25:2:27:Infinity:undefined:undefined:undefined:undefined":4,"s:25:2:27:Infinity":10,"s:26:4:26:Infinity":11,"b:29:2:31:Infinity:undefined:undefined:undefined:undefined":5,"s:29:2:31:Infinity":12,"s:30:4:30:Infinity":13,"s:33:16:33:Infinity":14,"s:34:18:34:Infinity":15,"s:35:18:35:Infinity":16,"s:37:26:37:Infinity":17,"b:38:2:38:Infinity:undefined:undefined:undefined:undefined":6,"s:38:2:38:Infinity":18,"s:38:17:38:Infinity":19,"b:39:2:39:Infinity:undefined:undefined:undefined:undefined":7,"s:39:2:39:Infinity":20,"s:39:19:39:Infinity":21,"b:40:2:40:Infinity:undefined:undefined:undefined:undefined":8,"s:40:2:40:Infinity":22,"s:40:19:40:Infinity":23,"s:42:2:42:Infinity":24,"f:45:16:45:33":2,"b:45:67:45:78":9,"s:46:2:46:Infinity":25,"f:49:16:49:29":3,"s:50:2:50:Infinity":26,"f:53:16:53:31":4,"b:55:4:56:Infinity:57:4:58:Infinity:59:4:60:Infinity:61:4:62:Infinity:63:4:64:Infinity":10,"s:54:2:65:Infinity":27,"s:56:6:56:Infinity":28,"s:58:6:58:Infinity":29,"s:60:6:60:Infinity":30,"s:62:6:62:Infinity":31,"s:64:6:64:Infinity":32,"f:68:16:68:30":5,"b:70:4:71:Infinity:72:4:73:Infinity:74:4:75:Infinity:76:4:77:Infinity:78:4:79:Infinity":11,"s:69:2:80:Infinity":33,"s:71:6:71:Infinity":34,"s:73:6:73:Infinity":35,"s:75:6:75:Infinity":36,"s:77:6:77:Infinity":37,"s:79:6:79:Infinity":38,"f:83:16:83:31":6,"b:84:2:84:Infinity:undefined:undefined:undefined:undefined":12,"s:84:2:84:Infinity":39,"s:84:19:84:Infinity":40,"s:86:16:86:Infinity":41,"s:87:12:87:Infinity":42,"s:88:12:88:Infinity":43,"b:90:2:92:Infinity:undefined:undefined:undefined:undefined":13,"s:90:2:92:Infinity":44,"s:91:4:91:Infinity":45,"s:94:2:94:Infinity":46,"f:97:16:97:29":7,"b:97:63:97:75":14,"b:98:2:100:Infinity:undefined:undefined:undefined:undefined":15,"s:98:2:100:Infinity":47,"s:99:4:99:Infinity":48,"s:101:2:101:Infinity":49}}}
}
